<?xml version="1.0" encoding="UTF-8"?>
<!-- Generated by org.testng.reporters.JUnitReportReporter -->
<testsuite skipped="0" hostname="Lenovo-PC" name="com.jsb.handson.testngtests.TestNGTests" tests="1" failures="0" timestamp="2021-10-21T06:54:29 IST" time="22.689" errors="0">
  <testcase name="orangeHRM_recruitmentMultipleVacanciesTest" time="22.689" classname="com.jsb.handson.testngtests.TestNGTests"/>
  <system-out/>
</testsuite> <!-- com.jsb.handson.testngtests.TestNGTests -->
